<?xml version="1.0" encoding="UTF-8"?>
<!-- Generated by org.testng.reporters.JUnitXMLReporter -->
<testsuite hostname="LAPTOP-1BCJRB17" ignored="0" name="Default test" tests="2" failures="0" timestamp="09 Oct 2019 05:36:07 GMT" time="93.583" errors="0">
  <testcase name="test_setup" time="19.551" classname="com.ClassMateDemo.LearnSession.ProfileImageUpload"/>
  <testcase name="test" time="68.855" classname="com.ClassMateDemo.LearnSession.ProfileImageUpload"/>
</testsuite> <!-- Default test -->
