<?xml version="1.0" encoding="UTF-8"?>
<testng-results skipped="0" failed="0" ignored="0" total="2" passed="2">
  <reporter-output>
  </reporter-output>
  <suite name="Default suite" duration-ms="93583" started-at="2019-10-09T05:34:34Z" finished-at="2019-10-09T05:36:07Z">
    <groups>
    </groups>
    <test name="Default test" duration-ms="93583" started-at="2019-10-09T05:34:34Z" finished-at="2019-10-09T05:36:07Z">
      <class name="com.ClassMateDemo.LearnSession.ProfileImageUpload">
        <test-method status="PASS" signature="test_setup()[pri:1, instance:com.ClassMateDemo.LearnSession.ProfileImageUpload@4667ae56]" name="test_setup" duration-ms="19551" started-at="2019-10-09T11:04:34Z" finished-at="2019-10-09T11:04:53Z">
          <reporter-output>
          </reporter-output>
        </test-method> <!-- test_setup -->
        <test-method status="PASS" signature="test()[pri:2, instance:com.ClassMateDemo.LearnSession.ProfileImageUpload@4667ae56]" name="test" duration-ms="68855" started-at="2019-10-09T11:04:53Z" finished-at="2019-10-09T11:06:02Z">
          <reporter-output>
          </reporter-output>
        </test-method> <!-- test -->
        <test-method status="PASS" signature="Aftertest()[pri:0, instance:com.ClassMateDemo.LearnSession.ProfileImageUpload@4667ae56]" name="Aftertest" is-config="true" duration-ms="5159" started-at="2019-10-09T11:06:02Z" finished-at="2019-10-09T11:06:07Z">
          <reporter-output>
          </reporter-output>
        </test-method> <!-- Aftertest -->
      </class> <!-- com.ClassMateDemo.LearnSession.ProfileImageUpload -->
    </test> <!-- Default test -->
  </suite> <!-- Default suite -->
</testng-results>
